chahuitong/build/outputs/logs/manifest-merger-anzhi-debug-report.txt
-- Merging decision tree log ---
manifest
ADDED from src/main/AndroidManifest.xml:2:1-253:12
	package
		ADDED from src/main/AndroidManifest.xml:3:5-40
		INJECTED from src/main/AndroidManifest.xml
		INJECTED from src/main/AndroidManifest.xml
	android:versionName
		INJECTED from src/main/AndroidManifest.xml
		INJECTED from src/main/AndroidManifest.xml
	xmlns:android
		ADDED from src/main/AndroidManifest.xml:2:11-69
	android:versionCode
		INJECTED from src/main/AndroidManifest.xml
		INJECTED from src/main/AndroidManifest.xml
uses-permission#android.permission.WRITE_EXTERNAL_STORAGE
ADDED from src/main/AndroidManifest.xml:6:5-81
	android:name
		ADDED from src/main/AndroidManifest.xml:6:22-78
uses-permission#android.permission.ACCESS_NETWORK_STATE
ADDED from src/main/AndroidManifest.xml:8:5-79
	android:name
		ADDED from src/main/AndroidManifest.xml:8:22-76
uses-permission#android.permission.ACCESS_WIFI_STATE
ADDED from src/main/AndroidManifest.xml:10:5-76
	android:name
		ADDED from src/main/AndroidManifest.xml:10:22-73
uses-permission#android.permission.INTERNET
ADDED from src/main/AndroidManifest.xml:12:5-67
	android:name
		ADDED from src/main/AndroidManifest.xml:12:22-64
uses-permission#android.permission.READ_PHONE_STATE
ADDED from src/main/AndroidManifest.xml:14:5-75
	android:name
		ADDED from src/main/AndroidManifest.xml:14:22-72
uses-permission#android.permission.READ_LOGS
ADDED from src/main/AndroidManifest.xml:16:5-68
	android:name
		ADDED from src/main/AndroidManifest.xml:16:22-65
uses-permission#android.permission.GET_TASKS
ADDED from src/main/AndroidManifest.xml:18:5-68
	android:name
		ADDED from src/main/AndroidManifest.xml:18:22-65
uses-permission#android.permission.READ_EXTERNAL_STORAGE
ADDED from src/main/AndroidManifest.xml:19:5-80
	android:name
		ADDED from src/main/AndroidManifest.xml:19:22-77
uses-permission#android.permission.RECORD_AUDIO
ADDED from src/main/AndroidManifest.xml:20:5-71
	android:name
		ADDED from src/main/AndroidManifest.xml:20:22-68
uses-permission#android.permission.CHANGE_WIFI_STATE
ADDED from src/main/AndroidManifest.xml:21:5-76
	android:name
		ADDED from src/main/AndroidManifest.xml:21:22-73
uses-permission#android.permission.CHANGE_NETWORK_STATE
ADDED from src/main/AndroidManifest.xml:22:5-79
	android:name
		ADDED from src/main/AndroidManifest.xml:22:22-76
uses-permission#android.permission.WAKE_LOCK
ADDED from src/main/AndroidManifest.xml:23:5-68
	android:name
		ADDED from src/main/AndroidManifest.xml:23:22-65
permission#cn.bmob.permission.push
ADDED from src/main/AndroidManifest.xml:25:5-28:18
	android:protectionLevel
		ADDED from src/main/AndroidManifest.xml:27:9-41
	android:name
		ADDED from src/main/AndroidManifest.xml:26:9-47
uses-permission#cn.bmob.permission.push
ADDED from src/main/AndroidManifest.xml:29:5-63
	android:name
		ADDED from src/main/AndroidManifest.xml:29:22-60
application
ADDED from src/main/AndroidManifest.xml:31:5-251:19
MERGED from [:calligraphy-2.1.0:] AndroidManifest.xml:11:5-20
MERGED from [ChaHuiTong(old):social_sdk_library_project:unspecified] AndroidManifest.xml:11:5-12:19
MERGED from [com.android.support:support-v4:23.0.1] AndroidManifest.xml:22:5-20
MERGED from [com.android.support:support-v4:23.0.1] AndroidManifest.xml:22:5-20
MERGED from [ChaHuiTong(old):pull_to_refresh:unspecified] AndroidManifest.xml:11:5-20
MERGED from [com.android.support:support-v4:23.0.1] AndroidManifest.xml:22:5-20
MERGED from [com.android.support:percent:23.0.1] AndroidManifest.xml:22:5-20
MERGED from [com.android.support:support-v4:23.0.1] AndroidManifest.xml:22:5-20
	android:label
		ADDED from src/main/AndroidManifest.xml:34:9-41
	android:allowBackup
		ADDED from src/main/AndroidManifest.xml:32:9-35
	android:icon
		ADDED from src/main/AndroidManifest.xml:33:9-45
	android:theme
		ADDED from src/main/AndroidManifest.xml:36:9-40
	android:name
		ADDED from src/main/AndroidManifest.xml:35:9-70
service#cn.bmob.push.lib.service.PushService
ADDED from src/main/AndroidManifest.xml:39:9-48:19
	android:process
		ADDED from src/main/AndroidManifest.xml:44:13-43
	android:label
		ADDED from src/main/AndroidManifest.xml:42:13-40
	android:exported
		ADDED from src/main/AndroidManifest.xml:41:13-36
	android:permission
		ADDED from src/main/AndroidManifest.xml:43:13-57
	android:name
		ADDED from src/main/AndroidManifest.xml:40:13-64
intent-filter#cn.bmob.push.lib.service.PushService
ADDED from src/main/AndroidManifest.xml:45:13-47:29
action#cn.bmob.push.lib.service.PushService
ADDED from src/main/AndroidManifest.xml:46:17-79
	android:name
		ADDED from src/main/AndroidManifest.xml:46:25-76
receiver#cn.bmob.push.PushReceiver
ADDED from src/main/AndroidManifest.xml:49:9-58:20
	android:name
		ADDED from src/main/AndroidManifest.xml:49:19-59
intent-filter#android.intent.action.BOOT_COMPLETED+android.intent.action.USER_PRESENT+android.net.conn.CONNECTIVITY_CHANGE
ADDED from src/main/AndroidManifest.xml:50:13-57:29
	android:priority
		ADDED from src/main/AndroidManifest.xml:50:28-57
action#android.intent.action.BOOT_COMPLETED
ADDED from src/main/AndroidManifest.xml:52:17-79
	android:name
		ADDED from src/main/AndroidManifest.xml:52:25-76
action#android.intent.action.USER_PRESENT
ADDED from src/main/AndroidManifest.xml:54:17-77
	android:name
		ADDED from src/main/AndroidManifest.xml:54:25-74
action#android.net.conn.CONNECTIVITY_CHANGE
ADDED from src/main/AndroidManifest.xml:56:17-79
	android:name
		ADDED from src/main/AndroidManifest.xml:56:25-76
receiver#com.damenghai.chahuitong2.MyMessageReceiver
ADDED from src/main/AndroidManifest.xml:60:9-64:20
	android:name
		ADDED from src/main/AndroidManifest.xml:60:19-77
intent-filter#cn.bmob.push.action.MESSAGE
ADDED from src/main/AndroidManifest.xml:61:13-63:29
action#cn.bmob.push.action.MESSAGE
ADDED from src/main/AndroidManifest.xml:62:17-70
	android:name
		ADDED from src/main/AndroidManifest.xml:62:25-67
meta-data#UMENG_APPKEY
ADDED from src/main/AndroidManifest.xml:68:9-70:56
	android:value
		ADDED from src/main/AndroidManifest.xml:70:13-53
	android:name
		ADDED from src/main/AndroidManifest.xml:69:13-40
meta-data#UMENG_CHANNEL
ADDED from src/main/AndroidManifest.xml:71:9-73:54
	android:value
		ADDED from src/main/AndroidManifest.xml:73:13-51
		INJECTED from src/main/AndroidManifest.xml
	android:name
		ADDED from src/main/AndroidManifest.xml:72:13-41
meta-data#PGYER_APPID
ADDED from src/main/AndroidManifest.xml:74:9-77:21
	android:value
		ADDED from src/main/AndroidManifest.xml:76:13-61
	android:name
		ADDED from src/main/AndroidManifest.xml:75:13-39
service#com.umeng.update.net.DownloadingService
ADDED from src/main/AndroidManifest.xml:79:9-81:53
	android:process
		ADDED from src/main/AndroidManifest.xml:81:13-50
	android:name
		ADDED from src/main/AndroidManifest.xml:80:13-67
activity#com.umeng.update.UpdateDialogActivity
ADDED from src/main/AndroidManifest.xml:83:9-85:75
	android:theme
		ADDED from src/main/AndroidManifest.xml:85:13-72
	android:name
		ADDED from src/main/AndroidManifest.xml:84:13-65
activity#com.umeng.socialize.view.ShareActivity
ADDED from src/main/AndroidManifest.xml:89:9-96:20
	android:launchMode
		ADDED from src/main/AndroidManifest.xml:92:13-44
	android:noHistory
		ADDED from src/main/AndroidManifest.xml:93:13-37
	android:windowSoftInputMode
		ADDED from src/main/AndroidManifest.xml:95:13-68
	android:configChanges
		ADDED from src/main/AndroidManifest.xml:91:13-57
	android:theme
		ADDED from src/main/AndroidManifest.xml:94:13-50
	android:name
		ADDED from src/main/AndroidManifest.xml:90:13-66
activity#com.tencent.tauth.AuthActivity
ADDED from src/main/AndroidManifest.xml:99:9-111:20
	android:launchMode
		ADDED from src/main/AndroidManifest.xml:101:13-44
	android:noHistory
		ADDED from src/main/AndroidManifest.xml:102:13-37
	android:name
		ADDED from src/main/AndroidManifest.xml:100:13-58
intent-filter#android.intent.action.VIEW+android.intent.category.BROWSABLE+android.intent.category.DEFAULT
ADDED from src/main/AndroidManifest.xml:103:13-110:29
action#android.intent.action.VIEW
ADDED from src/main/AndroidManifest.xml:104:17-69
	android:name
		ADDED from src/main/AndroidManifest.xml:104:25-66
category#android.intent.category.DEFAULT
ADDED from src/main/AndroidManifest.xml:106:17-76
	android:name
		ADDED from src/main/AndroidManifest.xml:106:27-73
category#android.intent.category.BROWSABLE
ADDED from src/main/AndroidManifest.xml:107:17-78
	android:name
		ADDED from src/main/AndroidManifest.xml:107:27-75
data
ADDED from src/main/AndroidManifest.xml:109:17-60
	android:scheme
		ADDED from src/main/AndroidManifest.xml:109:23-57
activity#com.tencent.connect.common.AssistActivity
ADDED from src/main/AndroidManifest.xml:112:9-117:20
	android:screenOrientation
		ADDED from src/main/AndroidManifest.xml:114:13-49
	android:configChanges
		ADDED from src/main/AndroidManifest.xml:115:13-74
	android:theme
		ADDED from src/main/AndroidManifest.xml:116:13-72
	android:name
		ADDED from src/main/AndroidManifest.xml:113:13-69
activity#com.damenghai.chahuitong2.wxapi.WXEntryActivity
ADDED from src/main/AndroidManifest.xml:118:9-123:52
	android:screenOrientation
		ADDED from src/main/AndroidManifest.xml:123:13-49
	android:exported
		ADDED from src/main/AndroidManifest.xml:122:13-36
	android:configChanges
		ADDED from src/main/AndroidManifest.xml:121:13-74
	android:theme
		ADDED from src/main/AndroidManifest.xml:120:13-72
	android:name
		ADDED from src/main/AndroidManifest.xml:119:13-75
activity#com.alipay.sdk.app.H5PayActivity
ADDED from src/main/AndroidManifest.xml:127:9-133:20
	android:screenOrientation
		ADDED from src/main/AndroidManifest.xml:131:13-47
	android:exported
		ADDED from src/main/AndroidManifest.xml:130:13-37
	android:windowSoftInputMode
		ADDED from src/main/AndroidManifest.xml:132:13-67
	android:configChanges
		ADDED from src/main/AndroidManifest.xml:129:13-74
	android:name
		ADDED from src/main/AndroidManifest.xml:128:13-60
activity#com.damenghai.chahuitong2.wxapi.WXPayEntryActivity
ADDED from src/main/AndroidManifest.xml:136:9-141:15
	android:launchMode
		ADDED from src/main/AndroidManifest.xml:139:13-43
	android:exported
		ADDED from src/main/AndroidManifest.xml:138:13-36
	android:theme
		ADDED from src/main/AndroidManifest.xml:140:13-72
	android:name
		ADDED from src/main/AndroidManifest.xml:137:13-78
receiver#com.damenghai.chahuitong2.pay.wxpay.AppRegister
ADDED from src/main/AndroidManifest.xml:143:9-148:20
	android:name
		ADDED from src/main/AndroidManifest.xml:144:13-75
intent-filter#com.tencent.mm.plugin.openapi.Intent.ACTION_REFRESH_WXAPP
ADDED from src/main/AndroidManifest.xml:145:13-147:29
action#com.tencent.mm.plugin.openapi.Intent.ACTION_REFRESH_WXAPP
ADDED from src/main/AndroidManifest.xml:146:17-100
	android:name
		ADDED from src/main/AndroidManifest.xml:146:25-97
activity#com.damenghai.chahuitong2.ui.activity.SplashActivity
ADDED from src/main/AndroidManifest.xml:150:9-160:20
	android:label
		ADDED from src/main/AndroidManifest.xml:152:13-45
	android:launchMode
		ADDED from src/main/AndroidManifest.xml:153:13-43
	android:theme
		ADDED from src/main/AndroidManifest.xml:154:13-44
	android:name
		ADDED from src/main/AndroidManifest.xml:151:13-80
intent-filter#android.intent.action.MAIN+android.intent.category.LAUNCHER
ADDED from src/main/AndroidManifest.xml:155:13-159:29
action#android.intent.action.MAIN
ADDED from src/main/AndroidManifest.xml:156:17-69
	android:name
		ADDED from src/main/AndroidManifest.xml:156:25-66
category#android.intent.category.LAUNCHER
ADDED from src/main/AndroidManifest.xml:158:17-77
	android:name
		ADDED from src/main/AndroidManifest.xml:158:27-74
activity#com.damenghai.chahuitong2.ui.activity.GuideActivity
ADDED from src/main/AndroidManifest.xml:161:9-164:47
	android:launchMode
		ADDED from src/main/AndroidManifest.xml:163:13-43
	android:theme
		ADDED from src/main/AndroidManifest.xml:164:13-44
	android:name
		ADDED from src/main/AndroidManifest.xml:162:13-79
activity#com.damenghai.chahuitong2.ui.activity.HomeActivity
ADDED from src/main/AndroidManifest.xml:165:9-169:15
	android:label
		ADDED from src/main/AndroidManifest.xml:167:13-56
	android:theme
		ADDED from src/main/AndroidManifest.xml:168:13-57
	android:name
		ADDED from src/main/AndroidManifest.xml:166:13-78
activity#com.damenghai.chahuitong2.ui.activity.WebViewActivity
ADDED from src/main/AndroidManifest.xml:170:9-172:47
	android:theme
		ADDED from src/main/AndroidManifest.xml:172:13-44
	android:name
		ADDED from src/main/AndroidManifest.xml:171:13-81
activity#com.damenghai.chahuitong2.ui.activity.ProductActivity
ADDED from src/main/AndroidManifest.xml:173:9-176:47
	android:launchMode
		ADDED from src/main/AndroidManifest.xml:175:13-43
	android:theme
		ADDED from src/main/AndroidManifest.xml:176:13-44
	android:name
		ADDED from src/main/AndroidManifest.xml:174:13-81
activity#com.damenghai.chahuitong2.ui.activity.ContactActivity
ADDED from src/main/AndroidManifest.xml:177:9-180:47
	android:launchMode
		ADDED from src/main/AndroidManifest.xml:179:13-43
	android:theme
		ADDED from src/main/AndroidManifest.xml:180:13-44
	android:name
		ADDED from src/main/AndroidManifest.xml:178:13-81
activity#com.damenghai.chahuitong2.ui.activity.ChatActivity
ADDED from src/main/AndroidManifest.xml:181:9-184:15
	android:windowSoftInputMode
		ADDED from src/main/AndroidManifest.xml:183:13-72
	android:name
		ADDED from src/main/AndroidManifest.xml:182:13-78
activity#com.damenghai.chahuitong2.ui.activity.LoginActivity
ADDED from src/main/AndroidManifest.xml:185:9-187:47
	android:theme
		ADDED from src/main/AndroidManifest.xml:187:13-44
	android:name
		ADDED from src/main/AndroidManifest.xml:186:13-79
activity#com.damenghai.chahuitong2.ui.activity.PersonalActivity
ADDED from src/main/AndroidManifest.xml:188:9-190:64
	android:theme
		ADDED from src/main/AndroidManifest.xml:190:13-61
	android:name
		ADDED from src/main/AndroidManifest.xml:189:13-82
activity#com.damenghai.chahuitong2.ui.activity.MarketActivity
ADDED from src/main/AndroidManifest.xml:191:9-193:60
	android:theme
		ADDED from src/main/AndroidManifest.xml:193:13-57
	android:name
		ADDED from src/main/AndroidManifest.xml:192:13-80
activity#com.damenghai.chahuitong2.ui.activity.ForumActivity
ADDED from src/main/AndroidManifest.xml:194:9-197:20
	android:name
		ADDED from src/main/AndroidManifest.xml:195:13-79
activity#com.damenghai.chahuitong2.ui.activity.NewsActivity
ADDED from src/main/AndroidManifest.xml:198:9-201:15
	android:theme
		ADDED from src/main/AndroidManifest.xml:200:13-57
	android:name
		ADDED from src/main/AndroidManifest.xml:199:13-78
activity#com.damenghai.chahuitong2.ui.activity.ShopActivity
ADDED from src/main/AndroidManifest.xml:202:9-206:20
	android:theme
		ADDED from src/main/AndroidManifest.xml:204:13-59
	android:name
		ADDED from src/main/AndroidManifest.xml:203:13-78
activity#com.damenghai.chahuitong2.ui.activity.CategoryActivity
ADDED from src/main/AndroidManifest.xml:207:9-209:15
	android:name
		ADDED from src/main/AndroidManifest.xml:208:13-82
activity#com.damenghai.chahuitong2.ui.activity.PublishActivity
ADDED from src/main/AndroidManifest.xml:210:9-213:15
	android:windowSoftInputMode
		ADDED from src/main/AndroidManifest.xml:212:13-67
	android:name
		ADDED from src/main/AndroidManifest.xml:211:13-81
activity#com.damenghai.chahuitong2.ui.activity.LeadersActivity
ADDED from src/main/AndroidManifest.xml:214:9-90
	android:name
		ADDED from src/main/AndroidManifest.xml:214:19-87
activity#com.damenghai.chahuitong2.ui.activity.TopicsActivity
ADDED from src/main/AndroidManifest.xml:215:9-89
	android:name
		ADDED from src/main/AndroidManifest.xml:215:19-86
activity#com.damenghai.chahuitong2.ui.activity.TravelsActivity
ADDED from src/main/AndroidManifest.xml:216:9-90
	android:name
		ADDED from src/main/AndroidManifest.xml:216:19-87
activity#com.damenghai.chahuitong2.ui.activity.StatusesActivity
ADDED from src/main/AndroidManifest.xml:217:9-91
	android:name
		ADDED from src/main/AndroidManifest.xml:217:19-88
activity#com.damenghai.chahuitong2.ui.activity.LeaderActivity
ADDED from src/main/AndroidManifest.xml:218:9-89
	android:name
		ADDED from src/main/AndroidManifest.xml:218:19-86
activity#com.damenghai.chahuitong2.ui.activity.StatusDetailActivity
ADDED from src/main/AndroidManifest.xml:219:9-95
	android:name
		ADDED from src/main/AndroidManifest.xml:219:19-92
activity#com.damenghai.chahuitong2.ui.activity.ImageBrowserActivity
ADDED from src/main/AndroidManifest.xml:220:9-95
	android:name
		ADDED from src/main/AndroidManifest.xml:220:19-92
activity#com.damenghai.chahuitong2.ui.activity.WriteStatusActivity
ADDED from src/main/AndroidManifest.xml:221:9-94
	android:name
		ADDED from src/main/AndroidManifest.xml:221:19-91
activity#com.damenghai.chahuitong2.ui.activity.JoinEventActivity
ADDED from src/main/AndroidManifest.xml:222:9-92
	android:name
		ADDED from src/main/AndroidManifest.xml:222:19-89
activity#com.damenghai.chahuitong2.ui.activity.TravelActivity
ADDED from src/main/AndroidManifest.xml:223:9-89
	android:name
		ADDED from src/main/AndroidManifest.xml:223:19-86
activity#com.damenghai.chahuitong2.ui.activity.InitiateEventActivity
ADDED from src/main/AndroidManifest.xml:224:9-96
	android:name
		ADDED from src/main/AndroidManifest.xml:224:19-93
activity#com.damenghai.chahuitong2.ui.activity.WriteCommentActivity
ADDED from src/main/AndroidManifest.xml:225:9-228:15
	android:windowSoftInputMode
		ADDED from src/main/AndroidManifest.xml:227:13-72
	android:name
		ADDED from src/main/AndroidManifest.xml:226:13-86
activity#com.damenghai.chahuitong2.ui.activity.OrderActivity
ADDED from src/main/AndroidManifest.xml:230:9-231:20
	android:name
		ADDED from src/main/AndroidManifest.xml:230:19-85
activity#com.damenghai.chahuitong2.ui.activity.ProfileActivity
ADDED from src/main/AndroidManifest.xml:232:9-90
	android:name
		ADDED from src/main/AndroidManifest.xml:232:19-87
activity#com.damenghai.chahuitong2.ui.activity.ModifyActivity
ADDED from src/main/AndroidManifest.xml:233:9-89
	android:name
		ADDED from src/main/AndroidManifest.xml:233:19-86
activity#com.damenghai.chahuitong2.ui.activity.MessageActivity
ADDED from src/main/AndroidManifest.xml:234:9-90
	android:name
		ADDED from src/main/AndroidManifest.xml:234:19-87
activity#com.damenghai.chahuitong2.ui.activity.ForgotActivity
ADDED from src/main/AndroidManifest.xml:235:9-89
	android:name
		ADDED from src/main/AndroidManifest.xml:235:19-86
activity#com.damenghai.chahuitong2.ui.activity.ResetPasswordActivity
ADDED from src/main/AndroidManifest.xml:236:9-96
	android:name
		ADDED from src/main/AndroidManifest.xml:236:19-93
activity#com.damenghai.chahuitong2.ui.activity.VoucherActivity
ADDED from src/main/AndroidManifest.xml:237:9-238:66
	android:theme
		ADDED from src/main/AndroidManifest.xml:238:19-63
	android:name
		ADDED from src/main/AndroidManifest.xml:237:19-87
activity#com.damenghai.chahuitong2.ui.activity.AreaActivity
ADDED from src/main/AndroidManifest.xml:239:9-87
	android:name
		ADDED from src/main/AndroidManifest.xml:239:19-84
activity#com.damenghai.chahuitong2.ui.activity.AddressListActivity
ADDED from src/main/AndroidManifest.xml:240:9-94
	android:name
		ADDED from src/main/AndroidManifest.xml:240:19-91
activity#com.damenghai.chahuitong2.ui.activity.CartActivity
ADDED from src/main/AndroidManifest.xml:241:9-87
	android:name
		ADDED from src/main/AndroidManifest.xml:241:19-84
activity#com.damenghai.chahuitong2.ui.activity.QuotationActivity
ADDED from src/main/AndroidManifest.xml:242:9-92
	android:name
		ADDED from src/main/AndroidManifest.xml:242:19-89
activity#com.damenghai.chahuitong2.ui.activity.PayActivity
ADDED from src/main/AndroidManifest.xml:243:9-86
	android:name
		ADDED from src/main/AndroidManifest.xml:243:19-83
activity#com.damenghai.chahuitong2.ui.activity.OrderDetailActivity
ADDED from src/main/AndroidManifest.xml:244:9-94
	android:name
		ADDED from src/main/AndroidManifest.xml:244:19-91
activity#com.damenghai.chahuitong2.ui.activity.OrderListActivity
ADDED from src/main/AndroidManifest.xml:245:9-248:15
	android:theme
		ADDED from src/main/AndroidManifest.xml:247:13-57
	android:name
		ADDED from src/main/AndroidManifest.xml:246:13-83
activity#com.pgyersdk.activity.FeedbackActivity
ADDED from src/main/AndroidManifest.xml:250:9-74
	android:name
		ADDED from src/main/AndroidManifest.xml:250:19-72
uses-sdk
INJECTED from src/main/AndroidManifest.xml reason: use-sdk injection requested
MERGED from [:calligraphy-2.1.0:] AndroidManifest.xml:7:5-9:41
MERGED from [ChaHuiTong(old):social_sdk_library_project:unspecified] AndroidManifest.xml:7:5-9:41
MERGED from [com.android.support:support-v4:23.0.1] AndroidManifest.xml:20:5-43
MERGED from [ChaHuiTong(old):view_pager_indicator_library:unspecified] AndroidManifest.xml:7:5-9:41
MERGED from [com.android.support:support-v4:23.0.1] AndroidManifest.xml:20:5-43
MERGED from [ChaHuiTong(old):pull_to_refresh:unspecified] AndroidManifest.xml:7:5-9:41
MERGED from [com.android.support:support-v4:23.0.1] AndroidManifest.xml:20:5-43
MERGED from [com.android.support:percent:23.0.1] AndroidManifest.xml:20:5-43
MERGED from [com.android.support:support-v4:23.0.1] AndroidManifest.xml:20:5-43
	android:targetSdkVersion
		INJECTED from src/main/AndroidManifest.xml
		INJECTED from src/main/AndroidManifest.xml
	android:minSdkVersion
		INJECTED from src/main/AndroidManifest.xml
		INJECTED from src/main/AndroidManifest.xml